2021-01-20 20:14:54.095  INFO 16332 --- [restartedMain] c.b.p.a.pncbank.PncBankApplication       : Starting PncBankApplication on DESKTOP-MHJEIFB with PID 16332 (C:\DEV\bank\pnc-bank\pnc-bank\target\classes started by sures in C:\DEV\bank\pnc-bank\pnc-bank)
2021-01-20 20:14:54.095  INFO 16332 --- [restartedMain] c.b.p.a.pncbank.PncBankApplication       : No active profile set, falling back to default profiles: default
2021-01-20 20:14:54.468  INFO 16332 --- [restartedMain] .s.d.r.c.RepositoryConfigurationDelegate : Bootstrapping Spring Data repositories in DEFAULT mode.
2021-01-20 20:14:54.472  INFO 16332 --- [restartedMain] .s.d.r.c.RepositoryConfigurationDelegate : Finished Spring Data repository scanning in 4ms. Found 0 repository interfaces.
2021-01-20 20:14:54.529  INFO 16332 --- [restartedMain] trationDelegate$BeanPostProcessorChecker : Bean 'org.springframework.transaction.annotation.ProxyTransactionManagementConfiguration' of type [org.springframework.transaction.annotation.ProxyTransactionManagementConfiguration$$EnhancerBySpringCGLIB$$f0b1de9d] is not eligible for getting processed by all BeanPostProcessors (for example: not eligible for auto-proxying)
2021-01-20 20:14:54.583  INFO 16332 --- [restartedMain] o.s.b.w.embedded.tomcat.TomcatWebServer  : Tomcat initialized with port(s): 8081 (http)
2021-01-20 20:14:54.585  INFO 16332 --- [restartedMain] o.apache.catalina.core.StandardService   : Starting service [Tomcat]
2021-01-20 20:14:54.585  INFO 16332 --- [restartedMain] org.apache.catalina.core.StandardEngine  : Starting Servlet engine: [Apache Tomcat/9.0.14]
2021-01-20 20:14:54.611  INFO 16332 --- [restartedMain] o.a.c.c.C.[Tomcat].[localhost].[/]       : Initializing Spring embedded WebApplicationContext
2021-01-20 20:14:54.612  INFO 16332 --- [restartedMain] o.s.web.context.ContextLoader            : Root WebApplicationContext: initialization completed in 515 ms
2021-01-20 20:14:54.742  INFO 16332 --- [restartedMain] com.zaxxer.hikari.HikariDataSource       : HikariPool-2 - Starting...
2021-01-20 20:14:54.744  INFO 16332 --- [restartedMain] com.zaxxer.hikari.HikariDataSource       : HikariPool-2 - Start completed.
2021-01-20 20:14:54.751  INFO 16332 --- [restartedMain] o.hibernate.jpa.internal.util.LogHelper  : HHH000204: Processing PersistenceUnitInfo [
	name: default
	...]
2021-01-20 20:14:54.759  INFO 16332 --- [restartedMain] org.hibernate.dialect.Dialect            : HHH000400: Using dialect: org.hibernate.dialect.H2Dialect
2021-01-20 20:14:54.768  INFO 16332 --- [restartedMain] o.h.t.schema.internal.SchemaCreatorImpl  : HHH000476: Executing import script 'org.hibernate.tool.schema.internal.exec.ScriptSourceInputNonExistentImpl@68149c29'
2021-01-20 20:14:54.768  INFO 16332 --- [restartedMain] j.LocalContainerEntityManagerFactoryBean : Initialized JPA EntityManagerFactory for persistence unit 'default'
2021-01-20 20:14:54.774  INFO 16332 --- [restartedMain] o.s.b.d.a.OptionalLiveReloadServer       : LiveReload server is running on port 35729
2021-01-20 20:14:54.824  INFO 16332 --- [restartedMain] o.s.s.concurrent.ThreadPoolTaskExecutor  : Initializing ExecutorService 'applicationTaskExecutor'
2021-01-20 20:14:54.829  WARN 16332 --- [restartedMain] aWebConfiguration$JpaWebMvcConfiguration : spring.jpa.open-in-view is enabled by default. Therefore, database queries may be performed during view rendering. Explicitly configure spring.jpa.open-in-view to disable this warning
2021-01-20 20:14:54.924  INFO 16332 --- [restartedMain] o.s.b.a.e.web.EndpointLinksResolver      : Exposing 2 endpoint(s) beneath base path '/actuator'
2021-01-20 20:14:54.945  INFO 16332 --- [restartedMain] o.s.b.w.embedded.tomcat.TomcatWebServer  : Tomcat started on port(s): 8081 (http) with context path ''
2021-01-20 20:14:54.946  INFO 16332 --- [restartedMain] c.b.p.a.pncbank.PncBankApplication       : Started PncBankApplication in 0.881 seconds (JVM running for 189.982)
2021-01-20 20:14:54.951  INFO 16332 --- [restartedMain] .ConditionEvaluationDeltaLoggingListener : Condition evaluation delta:


==========================
CONDITION EVALUATION DELTA
==========================


Positive matches:
-----------------

   LogFileWebEndpointAutoConfiguration#logFileWebEndpoint matched:
      - Log File found logging.file myfile.log (LogFileWebEndpointAutoConfiguration.LogFileCondition)
      - @ConditionalOnMissingBean (types: org.springframework.boot.actuate.logging.LogFileWebEndpoint; SearchStrategy: all) did not find any beans (OnBeanCondition)


Negative matches:
-----------------

    None


Exclusions:
-----------

    None


Unconditional classes:
----------------------

    None



2021-01-20 20:15:20.534  INFO 16332 --- [Thread-11] o.s.s.concurrent.ThreadPoolTaskExecutor  : Shutting down ExecutorService 'applicationTaskExecutor'
2021-01-20 20:15:20.534  INFO 16332 --- [Thread-11] j.LocalContainerEntityManagerFactoryBean : Closing JPA EntityManagerFactory for persistence unit 'default'
2021-01-20 20:15:20.534  INFO 16332 --- [Thread-11] .SchemaDropperImpl$DelayedDropActionImpl : HHH000477: Starting delayed evictData of schema as part of SessionFactory shut-down'
2021-01-20 20:15:20.535  INFO 16332 --- [Thread-11] o.s.b.f.support.DisposableBeanAdapter    : Invocation of destroy method failed on bean with name 'inMemoryDatabaseShutdownExecutor': org.h2.jdbc.JdbcSQLException: Database is already closed (to disable automatic closing at VM shutdown, add ";DB_CLOSE_ON_EXIT=FALSE" to the db URL) [90121-197]
2021-01-20 20:15:20.536  INFO 16332 --- [Thread-11] com.zaxxer.hikari.HikariDataSource       : HikariPool-2 - Shutdown initiated...
2021-01-20 20:15:20.538  INFO 16332 --- [Thread-11] com.zaxxer.hikari.HikariDataSource       : HikariPool-2 - Shutdown completed.
2021-01-20 20:15:20.607  INFO 16332 --- [restartedMain] c.b.p.a.pncbank.PncBankApplication       : Starting PncBankApplication on DESKTOP-MHJEIFB with PID 16332 (C:\DEV\bank\pnc-bank\pnc-bank\target\classes started by sures in C:\DEV\bank\pnc-bank\pnc-bank)
2021-01-20 20:15:20.607  INFO 16332 --- [restartedMain] c.b.p.a.pncbank.PncBankApplication       : No active profile set, falling back to default profiles: default
2021-01-20 20:15:20.878  INFO 16332 --- [restartedMain] .s.d.r.c.RepositoryConfigurationDelegate : Bootstrapping Spring Data repositories in DEFAULT mode.
2021-01-20 20:15:20.881  INFO 16332 --- [restartedMain] .s.d.r.c.RepositoryConfigurationDelegate : Finished Spring Data repository scanning in 3ms. Found 0 repository interfaces.
2021-01-20 20:15:20.921  INFO 16332 --- [restartedMain] trationDelegate$BeanPostProcessorChecker : Bean 'org.springframework.transaction.annotation.ProxyTransactionManagementConfiguration' of type [org.springframework.transaction.annotation.ProxyTransactionManagementConfiguration$$EnhancerBySpringCGLIB$$f0b1de9d] is not eligible for getting processed by all BeanPostProcessors (for example: not eligible for auto-proxying)
2021-01-20 20:15:20.969  INFO 16332 --- [restartedMain] o.s.b.w.embedded.tomcat.TomcatWebServer  : Tomcat initialized with port(s): 8081 (http)
2021-01-20 20:15:20.975  INFO 16332 --- [restartedMain] o.apache.catalina.core.StandardService   : Starting service [Tomcat]
2021-01-20 20:15:20.975  INFO 16332 --- [restartedMain] org.apache.catalina.core.StandardEngine  : Starting Servlet engine: [Apache Tomcat/9.0.14]
2021-01-20 20:15:20.995  INFO 16332 --- [restartedMain] o.a.c.c.C.[Tomcat].[localhost].[/]       : Initializing Spring embedded WebApplicationContext
2021-01-20 20:15:20.995  INFO 16332 --- [restartedMain] o.s.web.context.ContextLoader            : Root WebApplicationContext: initialization completed in 386 ms
2021-01-20 20:15:21.096  INFO 16332 --- [restartedMain] com.zaxxer.hikari.HikariDataSource       : HikariPool-3 - Starting...
2021-01-20 20:15:21.097  INFO 16332 --- [restartedMain] com.zaxxer.hikari.HikariDataSource       : HikariPool-3 - Start completed.
2021-01-20 20:15:21.103  INFO 16332 --- [restartedMain] o.hibernate.jpa.internal.util.LogHelper  : HHH000204: Processing PersistenceUnitInfo [
	name: default
	...]
2021-01-20 20:15:21.111  INFO 16332 --- [restartedMain] org.hibernate.dialect.Dialect            : HHH000400: Using dialect: org.hibernate.dialect.H2Dialect
2021-01-20 20:15:21.121  INFO 16332 --- [restartedMain] o.h.t.schema.internal.SchemaCreatorImpl  : HHH000476: Executing import script 'org.hibernate.tool.schema.internal.exec.ScriptSourceInputNonExistentImpl@68149c29'
2021-01-20 20:15:21.121  INFO 16332 --- [restartedMain] j.LocalContainerEntityManagerFactoryBean : Initialized JPA EntityManagerFactory for persistence unit 'default'
2021-01-20 20:15:21.128  INFO 16332 --- [restartedMain] o.s.b.d.a.OptionalLiveReloadServer       : LiveReload server is running on port 35729
2021-01-20 20:15:21.178  INFO 16332 --- [restartedMain] o.s.s.concurrent.ThreadPoolTaskExecutor  : Initializing ExecutorService 'applicationTaskExecutor'
2021-01-20 20:15:21.182  WARN 16332 --- [restartedMain] aWebConfiguration$JpaWebMvcConfiguration : spring.jpa.open-in-view is enabled by default. Therefore, database queries may be performed during view rendering. Explicitly configure spring.jpa.open-in-view to disable this warning
2021-01-20 20:15:21.264  INFO 16332 --- [restartedMain] o.s.b.a.e.web.EndpointLinksResolver      : Exposing 2 endpoint(s) beneath base path '/actuator'
2021-01-20 20:15:21.287  INFO 16332 --- [restartedMain] o.s.b.w.embedded.tomcat.TomcatWebServer  : Tomcat started on port(s): 8081 (http) with context path ''
2021-01-20 20:15:21.288  INFO 16332 --- [restartedMain] c.b.p.a.pncbank.PncBankApplication       : Started PncBankApplication in 0.702 seconds (JVM running for 216.323)
2021-01-20 20:15:21.290  INFO 16332 --- [restartedMain] .ConditionEvaluationDeltaLoggingListener : Condition evaluation unchanged
2021-01-20 20:15:54.969  INFO 16332 --- [Thread-19] o.s.s.concurrent.ThreadPoolTaskExecutor  : Shutting down ExecutorService 'applicationTaskExecutor'
2021-01-20 20:15:54.970  INFO 16332 --- [Thread-19] j.LocalContainerEntityManagerFactoryBean : Closing JPA EntityManagerFactory for persistence unit 'default'
2021-01-20 20:15:54.970  INFO 16332 --- [Thread-19] .SchemaDropperImpl$DelayedDropActionImpl : HHH000477: Starting delayed evictData of schema as part of SessionFactory shut-down'
2021-01-20 20:15:54.971  INFO 16332 --- [Thread-19] o.s.b.f.support.DisposableBeanAdapter    : Invocation of destroy method failed on bean with name 'inMemoryDatabaseShutdownExecutor': org.h2.jdbc.JdbcSQLException: Database is already closed (to disable automatic closing at VM shutdown, add ";DB_CLOSE_ON_EXIT=FALSE" to the db URL) [90121-197]
2021-01-20 20:15:54.971  INFO 16332 --- [Thread-19] com.zaxxer.hikari.HikariDataSource       : HikariPool-3 - Shutdown initiated...
2021-01-20 20:15:54.972  INFO 16332 --- [Thread-19] com.zaxxer.hikari.HikariDataSource       : HikariPool-3 - Shutdown completed.
2021-01-20 20:15:55.039  INFO 16332 --- [restartedMain] c.b.p.a.pncbank.PncBankApplication       : Starting PncBankApplication on DESKTOP-MHJEIFB with PID 16332 (C:\DEV\bank\pnc-bank\pnc-bank\target\classes started by sures in C:\DEV\bank\pnc-bank\pnc-bank)
2021-01-20 20:15:55.039  INFO 16332 --- [restartedMain] c.b.p.a.pncbank.PncBankApplication       : No active profile set, falling back to default profiles: default
2021-01-20 20:15:55.281  INFO 16332 --- [restartedMain] .s.d.r.c.RepositoryConfigurationDelegate : Bootstrapping Spring Data repositories in DEFAULT mode.
2021-01-20 20:15:55.284  INFO 16332 --- [restartedMain] .s.d.r.c.RepositoryConfigurationDelegate : Finished Spring Data repository scanning in 2ms. Found 0 repository interfaces.
2021-01-20 20:15:55.318  INFO 16332 --- [restartedMain] trationDelegate$BeanPostProcessorChecker : Bean 'org.springframework.transaction.annotation.ProxyTransactionManagementConfiguration' of type [org.springframework.transaction.annotation.ProxyTransactionManagementConfiguration$$EnhancerBySpringCGLIB$$f0b1de9d] is not eligible for getting processed by all BeanPostProcessors (for example: not eligible for auto-proxying)
2021-01-20 20:15:55.362  INFO 16332 --- [restartedMain] o.s.b.w.embedded.tomcat.TomcatWebServer  : Tomcat initialized with port(s): 8081 (http)
2021-01-20 20:15:55.364  INFO 16332 --- [restartedMain] o.apache.catalina.core.StandardService   : Starting service [Tomcat]
2021-01-20 20:15:55.364  INFO 16332 --- [restartedMain] org.apache.catalina.core.StandardEngine  : Starting Servlet engine: [Apache Tomcat/9.0.14]
2021-01-20 20:15:55.382  INFO 16332 --- [restartedMain] o.a.c.c.C.[Tomcat].[localhost].[/]       : Initializing Spring embedded WebApplicationContext
2021-01-20 20:15:55.383  INFO 16332 --- [restartedMain] o.s.web.context.ContextLoader            : Root WebApplicationContext: initialization completed in 343 ms
2021-01-20 20:15:55.480  INFO 16332 --- [restartedMain] com.zaxxer.hikari.HikariDataSource       : HikariPool-4 - Starting...
2021-01-20 20:15:55.481  INFO 16332 --- [restartedMain] com.zaxxer.hikari.HikariDataSource       : HikariPool-4 - Start completed.
2021-01-20 20:15:55.487  INFO 16332 --- [restartedMain] o.hibernate.jpa.internal.util.LogHelper  : HHH000204: Processing PersistenceUnitInfo [
	name: default
	...]
2021-01-20 20:15:55.494  INFO 16332 --- [restartedMain] org.hibernate.dialect.Dialect            : HHH000400: Using dialect: org.hibernate.dialect.H2Dialect
2021-01-20 20:15:55.505  INFO 16332 --- [restartedMain] o.h.t.schema.internal.SchemaCreatorImpl  : HHH000476: Executing import script 'org.hibernate.tool.schema.internal.exec.ScriptSourceInputNonExistentImpl@68149c29'
2021-01-20 20:15:55.505  INFO 16332 --- [restartedMain] j.LocalContainerEntityManagerFactoryBean : Initialized JPA EntityManagerFactory for persistence unit 'default'
2021-01-20 20:15:55.509  INFO 16332 --- [restartedMain] o.s.b.d.a.OptionalLiveReloadServer       : LiveReload server is running on port 35729
2021-01-20 20:15:55.554  INFO 16332 --- [restartedMain] o.s.s.concurrent.ThreadPoolTaskExecutor  : Initializing ExecutorService 'applicationTaskExecutor'
2021-01-20 20:15:55.558  WARN 16332 --- [restartedMain] aWebConfiguration$JpaWebMvcConfiguration : spring.jpa.open-in-view is enabled by default. Therefore, database queries may be performed during view rendering. Explicitly configure spring.jpa.open-in-view to disable this warning
2021-01-20 20:15:55.640  INFO 16332 --- [restartedMain] o.s.b.a.e.web.EndpointLinksResolver      : Exposing 2 endpoint(s) beneath base path '/actuator'
2021-01-20 20:15:55.657  INFO 16332 --- [restartedMain] o.s.b.w.embedded.tomcat.TomcatWebServer  : Tomcat started on port(s): 8081 (http) with context path ''
2021-01-20 20:15:55.658  INFO 16332 --- [restartedMain] c.b.p.a.pncbank.PncBankApplication       : Started PncBankApplication in 0.636 seconds (JVM running for 250.693)
2021-01-20 20:15:55.660  INFO 16332 --- [restartedMain] .ConditionEvaluationDeltaLoggingListener : Condition evaluation unchanged
2021-01-20 20:16:11.892  INFO 16332 --- [http-nio-8081-exec-2] o.a.c.c.C.[Tomcat].[localhost].[/]       : Initializing Spring DispatcherServlet 'dispatcherServlet'
2021-01-20 20:16:11.893  INFO 16332 --- [http-nio-8081-exec-2] o.s.web.servlet.DispatcherServlet        : Initializing Servlet 'dispatcherServlet'
2021-01-20 20:16:11.895  INFO 16332 --- [http-nio-8081-exec-2] o.s.web.servlet.DispatcherServlet        : Completed initialization in 2 ms
2021-01-20 20:18:16.277  INFO 16332 --- [Thread-27] o.s.s.concurrent.ThreadPoolTaskExecutor  : Shutting down ExecutorService 'applicationTaskExecutor'
2021-01-20 20:18:16.278  INFO 16332 --- [Thread-27] j.LocalContainerEntityManagerFactoryBean : Closing JPA EntityManagerFactory for persistence unit 'default'
2021-01-20 20:18:16.278  INFO 16332 --- [Thread-27] .SchemaDropperImpl$DelayedDropActionImpl : HHH000477: Starting delayed evictData of schema as part of SessionFactory shut-down'
2021-01-20 20:18:16.279  INFO 16332 --- [Thread-27] o.s.b.f.support.DisposableBeanAdapter    : Invocation of destroy method failed on bean with name 'inMemoryDatabaseShutdownExecutor': org.h2.jdbc.JdbcSQLException: Database is already closed (to disable automatic closing at VM shutdown, add ";DB_CLOSE_ON_EXIT=FALSE" to the db URL) [90121-197]
2021-01-20 20:18:16.279  INFO 16332 --- [Thread-27] com.zaxxer.hikari.HikariDataSource       : HikariPool-4 - Shutdown initiated...
2021-01-20 20:18:16.281  INFO 16332 --- [Thread-27] com.zaxxer.hikari.HikariDataSource       : HikariPool-4 - Shutdown completed.
